{"content": {"suites": {"0": {"status": {"total_pass": 3, "total_skip": 0, "total_xpass": 0, "total_xfail": 0, "total_rerun": 0, "total_fail": 0, "total_error": 0}, "tests": {"0": {"status": "PASS", "message": "", "test_name": "test_verifyCustAccountPage[getData0]", "rerun": "0"}, "1": {"status": "PASS", "message": "", "test_name": "test_addNewCustomerAccount[getData0]", "rerun": "0"}, "2": {"status": "PASS", "message": "", "test_name": "test_searchCustomer[getData0-getData10]", "rerun": "0"}}, "suite_name": "test_AddCustomerAccount.py"}, "1": {"suite_name": "test_AddNewDispGroup.py", "tests": {"0": {"status": "PASS", "message": "", "test_name": "test_addNewGroupRelabel[getData0]", "rerun": "0"}, "1": {"status": "PASS", "message": "", "test_name": "test_addNewGroupAllOperators[getData0]", "rerun": "0"}, "2": {"status": "PASS", "message": "", "test_name": "test_addNewGroupDO[getData0]", "rerun": "0"}}, "status": {"total_pass": 3, "total_skip": 0, "total_xpass": 0, "total_xfail": 0, "total_rerun": 0, "total_fail": 0, "total_error": 0}}, "2": {"suite_name": "test_SearchCriteria.py", "tests": {"0": {"status": "PASS", "message": "", "test_name": "test_searchByGroupName[getData0]", "rerun": "0"}, "1": {"status": "PASS", "message": "", "test_name": "test_searchByOperationType[getData0]", "rerun": "0"}, "2": {"status": "PASS", "message": "", "test_name": "test_searchByOperatorName[getData0]", "rerun": "0"}}, "status": {"total_pass": 3, "total_skip": 0, "total_xpass": 0, "total_xfail": 0, "total_rerun": 0, "total_fail": 0, "total_error": 0}}, "3": {"suite_name": "test_editCustomerAccount.py", "tests": {"0": {"status": "SKIP", "message": "('C:\\\\Users\\\\Dell\\\\PycharmProjects\\\\VegamSFS_Dispatch\\\\testCases\\\\test_editCustomerAccount.py', 13, 'Skipped: unconditional skip')", "test_name": "test_addExistingCustomerAccount[getData0]", "rerun": "0"}, "1": {"status": "SKIP", "message": "('C:\\\\Users\\\\Dell\\\\PycharmProjects\\\\VegamSFS_Dispatch\\\\testCases\\\\test_editCustomerAccount.py', 43, 'Skipped: unconditional skip')", "test_name": "test_editCustomerAccount[getData10]", "rerun": "0"}, "2": {"status": "FAIL", "message": "   selenium.common.exceptions.NoSuchElementException: Message: no such element: Unable to locate element: {\"method\":\"xpath\",\"selector\":\"//table[@id='tableCustomer']/tbody//tr[21]//td[3]\"}\n     (Session info: chrome=95.0.4638.69)\n", "test_name": "test_deleteCustomerAccount[getData10]", "rerun": "0"}}, "status": {"total_pass": 0, "total_skip": 1, "total_xpass": 0, "total_xfail": 0, "total_rerun": 0, "total_fail": 1, "total_error": 0}}, "4": {"suite_name": "test_editDispOperatorGroup.py", "tests": {"0": {"status": "SKIP", "message": "('C:\\\\Users\\\\Dell\\\\PycharmProjects\\\\VegamSFS_Dispatch\\\\testCases\\\\test_editDispOperatorGroup.py', 14, 'Skipped: unconditional skip')", "test_name": "test_editDispOperatorGroup[getData0]", "rerun": "0"}, "1": {"status": "FAIL", "message": "   selenium.common.exceptions.NoSuchElementException: Message: no such element: Unable to locate element: {\"method\":\"xpath\",\"selector\":\"//div[@id='divTable_428']/table/tbody/tr[5]/td[2]\"}\n     (Session info: chrome=95.0.4638.69)\n", "test_name": "test_deleteOperatorGroup[getData0]", "rerun": "0"}}, "status": {"total_pass": 0, "total_skip": 0, "total_xpass": 0, "total_xfail": 0, "total_rerun": 0, "total_fail": 1, "total_error": 0}}, "5": {"suite_name": "test_login.py", "tests": {"0": {"status": "PASS", "message": "", "test_name": "test_login[getData0]", "rerun": "0"}, "1": {"status": "PASS", "message": "", "test_name": "test_login[getData1]", "rerun": "0"}, "2": {"status": "PASS", "message": "", "test_name": "test_login[getData2]", "rerun": "0"}, "3": {"status": "PASS", "message": "", "test_name": "test_login[getData3]", "rerun": "0"}, "4": {"status": "PASS", "message": "", "test_name": "test_verifyManageOperator", "rerun": "0"}}, "status": {"total_pass": 5, "total_skip": 0, "total_xpass": 0, "total_xfail": 0, "total_rerun": 0, "total_fail": 0, "total_error": 0}}}}, "date": "November 16, 2021", "start_time": 1637073469.0661767, "total_suite": 6, "status": "FAIL", "status_list": {"pass": "14", "fail": "2", "skip": "1", "error": "0", "xpass": "0", "xfail": "0", "rerun": "0"}, "total_tests": "17"}