{"content": {"suites": {"0": {"status": {"total_pass": 0, "total_skip": 0, "total_xpass": 0, "total_xfail": 0, "total_rerun": 0, "total_fail": 2, "total_error": 0}, "tests": {"0": {"status": "FAIL", "message": "   selenium.common.exceptions.NoSuchElementException: Message: no such element: Unable to locate element: {\"method\":\"css selector\",\"selector\":\"a[id='lnkAdmin']\"}\n     (Session info: chrome=95.0.4638.69)\n", "test_name": "test_addNewGroup[getData0]", "rerun": "0"}, "1": {"status": "FAIL", "message": "   selenium.common.exceptions.NoSuchElementException: Message: no such element: Unable to locate element: {\"method\":\"css selector\",\"selector\":\"a[id='lnkAdmin']\"}\n     (Session info: chrome=95.0.4638.69)\n", "test_name": "test_addNewGroup[getData1]", "rerun": "0"}}, "suite_name": "test_AddNewDispGroup.py"}}}, "date": "November 13, 2021", "start_time": 1636784146.0488818, "total_suite": 1, "status": "FAIL", "status_list": {"pass": "0", "fail": "2", "skip": "0", "error": "0", "xpass": "0", "xfail": "0", "rerun": "0"}, "total_tests": "2"}