{"content": {"suites": {"0": {"status": {"total_pass": 1, "total_skip": 0, "total_xpass": 0, "total_xfail": 0, "total_rerun": 0, "total_fail": 3, "total_error": 0}, "tests": {"0": {"status": "PASS", "message": "", "test_name": "test_login[getData0]", "rerun": "0"}, "1": {"status": "FAIL", "message": "   selenium.common.exceptions.NoSuchElementException: Message: no such element: Unable to locate element: {\"method\":\"xpath\",\"selector\":\"//a[@id='userPropfile']\"}\n     (Session info: chrome=95.0.4638.69)\n", "test_name": "test_login[getData1]", "rerun": "0"}, "2": {"status": "FAIL", "message": "   selenium.common.exceptions.NoSuchElementException: Message: no such element: Unable to locate element: {\"method\":\"xpath\",\"selector\":\"//a[@id='userPropfile']\"}\n     (Session info: chrome=95.0.4638.69)\n", "test_name": "test_login[getData2]", "rerun": "0"}, "3": {"status": "FAIL", "message": "   selenium.common.exceptions.NoSuchElementException: Message: no such element: Unable to locate element: {\"method\":\"xpath\",\"selector\":\"//a[@id='userPropfile']\"}\n     (Session info: chrome=95.0.4638.69)\n", "test_name": "test_login[getData3]", "rerun": "0"}}, "suite_name": "test_login.py"}}}, "date": "November 13, 2021", "start_time": 1636779022.0132294, "total_suite": 1, "status": "FAIL", "status_list": {"pass": "1", "fail": "3", "skip": "0", "error": "0", "xpass": "0", "xfail": "0", "rerun": "0"}, "total_tests": "4"}