<!DOCTYPE html>
<html>
  <head>
    <meta charset="utf-8"/>
    <title>Test Report</title>
    <link href="assets/style.css" rel="stylesheet" type="text/css"/></head>
  <body onLoad="init()">
    <script>/* This Source Code Form is subject to the terms of the Mozilla Public
 * License, v. 2.0. If a copy of the MPL was not distributed with this file,
 * You can obtain one at http://mozilla.org/MPL/2.0/. */


function toArray(iter) {
    if (iter === null) {
        return null;
    }
    return Array.prototype.slice.call(iter);
}

function find(selector, elem) { // eslint-disable-line no-redeclare
    if (!elem) {
        elem = document;
    }
    return elem.querySelector(selector);
}

function findAll(selector, elem) {
    if (!elem) {
        elem = document;
    }
    return toArray(elem.querySelectorAll(selector));
}

function sortColumn(elem) {
    toggleSortStates(elem);
    const colIndex = toArray(elem.parentNode.childNodes).indexOf(elem);
    let key;
    if (elem.classList.contains('result')) {
        key = keyResult;
    } else if (elem.classList.contains('links')) {
        key = keyLink;
    } else {
        key = keyAlpha;
    }
    sortTable(elem, key(colIndex));
}

function showAllExtras() { // eslint-disable-line no-unused-vars
    findAll('.col-result').forEach(showExtras);
}

function hideAllExtras() { // eslint-disable-line no-unused-vars
    findAll('.col-result').forEach(hideExtras);
}

function showExtras(colresultElem) {
    const extras = colresultElem.parentNode.nextElementSibling;
    const expandcollapse = colresultElem.firstElementChild;
    extras.classList.remove('collapsed');
    expandcollapse.classList.remove('expander');
    expandcollapse.classList.add('collapser');
}

function hideExtras(colresultElem) {
    const extras = colresultElem.parentNode.nextElementSibling;
    const expandcollapse = colresultElem.firstElementChild;
    extras.classList.add('collapsed');
    expandcollapse.classList.remove('collapser');
    expandcollapse.classList.add('expander');
}

function showFilters() {
    const filterItems = document.getElementsByClassName('filter');
    for (let i = 0; i < filterItems.length; i++)
        filterItems[i].hidden = false;
}

function addCollapse() {
    // Add links for show/hide all
    const resulttable = find('table#results-table');
    const showhideall = document.createElement('p');
    showhideall.innerHTML = '<a href="javascript:showAllExtras()">Show all details</a> / ' +
                            '<a href="javascript:hideAllExtras()">Hide all details</a>';
    resulttable.parentElement.insertBefore(showhideall, resulttable);

    // Add show/hide link to each result
    findAll('.col-result').forEach(function(elem) {
        const collapsed = getQueryParameter('collapsed') || 'Passed';
        const extras = elem.parentNode.nextElementSibling;
        const expandcollapse = document.createElement('span');
        if (extras.classList.contains('collapsed')) {
            expandcollapse.classList.add('expander');
        } else if (collapsed.includes(elem.innerHTML)) {
            extras.classList.add('collapsed');
            expandcollapse.classList.add('expander');
        } else {
            expandcollapse.classList.add('collapser');
        }
        elem.appendChild(expandcollapse);

        elem.addEventListener('click', function(event) {
            if (event.currentTarget.parentNode.nextElementSibling.classList.contains('collapsed')) {
                showExtras(event.currentTarget);
            } else {
                hideExtras(event.currentTarget);
            }
        });
    });
}

function getQueryParameter(name) {
    const match = RegExp('[?&]' + name + '=([^&]*)').exec(window.location.search);
    return match && decodeURIComponent(match[1].replace(/\+/g, ' '));
}

function init () { // eslint-disable-line no-unused-vars
    resetSortHeaders();

    addCollapse();

    showFilters();

    sortColumn(find('.initial-sort'));

    findAll('.sortable').forEach(function(elem) {
        elem.addEventListener('click',
            function() {
                sortColumn(elem);
            }, false);
    });
}

function sortTable(clicked, keyFunc) {
    const rows = findAll('.results-table-row');
    const reversed = !clicked.classList.contains('asc');
    const sortedRows = sort(rows, keyFunc, reversed);
    /* Whole table is removed here because browsers acts much slower
     * when appending existing elements.
     */
    const thead = document.getElementById('results-table-head');
    document.getElementById('results-table').remove();
    const parent = document.createElement('table');
    parent.id = 'results-table';
    parent.appendChild(thead);
    sortedRows.forEach(function(elem) {
        parent.appendChild(elem);
    });
    document.getElementsByTagName('BODY')[0].appendChild(parent);
}

function sort(items, keyFunc, reversed) {
    const sortArray = items.map(function(item, i) {
        return [keyFunc(item), i];
    });

    sortArray.sort(function(a, b) {
        const keyA = a[0];
        const keyB = b[0];

        if (keyA == keyB) return 0;

        if (reversed) {
            return keyA < keyB ? 1 : -1;
        } else {
            return keyA > keyB ? 1 : -1;
        }
    });

    return sortArray.map(function(item) {
        const index = item[1];
        return items[index];
    });
}

function keyAlpha(colIndex) {
    return function(elem) {
        return elem.childNodes[1].childNodes[colIndex].firstChild.data.toLowerCase();
    };
}

function keyLink(colIndex) {
    return function(elem) {
        const dataCell = elem.childNodes[1].childNodes[colIndex].firstChild;
        return dataCell == null ? '' : dataCell.innerText.toLowerCase();
    };
}

function keyResult(colIndex) {
    return function(elem) {
        const strings = ['Error', 'Failed', 'Rerun', 'XFailed', 'XPassed',
            'Skipped', 'Passed'];
        return strings.indexOf(elem.childNodes[1].childNodes[colIndex].firstChild.data);
    };
}

function resetSortHeaders() {
    findAll('.sort-icon').forEach(function(elem) {
        elem.parentNode.removeChild(elem);
    });
    findAll('.sortable').forEach(function(elem) {
        const icon = document.createElement('div');
        icon.className = 'sort-icon';
        icon.textContent = 'vvv';
        elem.insertBefore(icon, elem.firstChild);
        elem.classList.remove('desc', 'active');
        elem.classList.add('asc', 'inactive');
    });
}

function toggleSortStates(elem) {
    //if active, toggle between asc and desc
    if (elem.classList.contains('active')) {
        elem.classList.toggle('asc');
        elem.classList.toggle('desc');
    }

    //if inactive, reset all other functions and add ascending active
    if (elem.classList.contains('inactive')) {
        resetSortHeaders();
        elem.classList.remove('inactive');
        elem.classList.add('active');
    }
}

function isAllRowsHidden(value) {
    return value.hidden == false;
}

function filterTable(elem) { // eslint-disable-line no-unused-vars
    const outcomeAtt = 'data-test-result';
    const outcome = elem.getAttribute(outcomeAtt);
    const classOutcome = outcome + ' results-table-row';
    const outcomeRows = document.getElementsByClassName(classOutcome);

    for(let i = 0; i < outcomeRows.length; i++){
        outcomeRows[i].hidden = !elem.checked;
    }

    const rows = findAll('.results-table-row').filter(isAllRowsHidden);
    const allRowsHidden = rows.length == 0 ? true : false;
    const notFoundMessage = document.getElementById('not-found-message');
    notFoundMessage.hidden = !allRowsHidden;
}
</script>
    <h1>reports.html</h1>
    <p>Report generated on 16-Nov-2021 at 21:01:47 by <a href="https://pypi.python.org/pypi/pytest-html">pytest-html</a> v3.1.1</p>
    <h2>Environment</h2>
    <table id="environment">
      <tr>
        <td>Module Name</td>
        <td>Dispatch</td></tr>
      <tr>
        <td>Packages</td>
        <td>{"pluggy": "0.13.1", "py": "1.10.0", "pytest": "6.2.1"}</td></tr>
      <tr>
        <td>Platform</td>
        <td>Windows-10-10.0.19041-SP0</td></tr>
      <tr>
        <td>Project Name</td>
        <td>VegamSFS_Dispatch</td></tr>
      <tr>
        <td>Python</td>
        <td>3.7.4</td></tr>
      <tr>
        <td>Tester Name</td>
        <td>M Gurubasava</td></tr></table>
    <h2>Summary</h2>
    <p>19 tests ran in 504.82 seconds. </p>
    <p class="filter" hidden="true">(Un)check the boxes to filter the results.</p><input checked="true" class="filter" data-test-result="passed" hidden="true" name="filter_checkbox" onChange="filterTable(this)" type="checkbox"/><span class="passed">18 passed</span>, <input checked="true" class="filter" data-test-result="skipped" disabled="true" hidden="true" name="filter_checkbox" onChange="filterTable(this)" type="checkbox"/><span class="skipped">0 skipped</span>, <input checked="true" class="filter" data-test-result="failed" hidden="true" name="filter_checkbox" onChange="filterTable(this)" type="checkbox"/><span class="failed">1 failed</span>, <input checked="true" class="filter" data-test-result="error" disabled="true" hidden="true" name="filter_checkbox" onChange="filterTable(this)" type="checkbox"/><span class="error">0 errors</span>, <input checked="true" class="filter" data-test-result="xfailed" disabled="true" hidden="true" name="filter_checkbox" onChange="filterTable(this)" type="checkbox"/><span class="xfailed">0 expected failures</span>, <input checked="true" class="filter" data-test-result="xpassed" disabled="true" hidden="true" name="filter_checkbox" onChange="filterTable(this)" type="checkbox"/><span class="xpassed">0 unexpected passes</span>
    <h2>Results</h2>
    <table id="results-table">
      <thead id="results-table-head">
        <tr>
          <th class="sortable result initial-sort" col="result">Result</th>
          <th class="sortable" col="name">Test</th>
          <th class="sortable" col="duration">Duration</th>
          <th class="sortable links" col="links">Links</th></tr>
        <tr hidden="true" id="not-found-message">
          <th colspan="4">No results found. Try to check the filters</th></tr></thead>
      <tbody class="failed results-table-row">
        <tr>
          <td class="col-result">Failed</td>
          <td class="col-name">test_editCustomerAccount.py::Test_006_EditDeleteCustomerAccount::test_deleteCustomerAccount[getData10]</td>
          <td class="col-duration">4.17</td>
          <td class="col-links"></td></tr>
        <tr>
          <td class="extra" colspan="4">
            <div class="log">self = &lt;testCases.test_editCustomerAccount.Test_006_EditDeleteCustomerAccount object at 0x040EF270&gt;, getData1 = {&#x27;CustomerName&#x27;: &#x27;346BAONENG&#x27;, &#x27;KeyAccountName&#x27;: &#x27;08 BAONENG&#x27;, &#x27;KeyAccountName1&#x27;: &#x27;04 DAIMLER&#x27;, &#x27;Password&#x27;: &#x27;1&#x27;, ...}<br/><br/>    def test_deleteCustomerAccount(self, getData1):<br/>        self.log = self.getLogger()<br/>        self.log.info(&quot;****************** Test delete customer account started ****************&quot;)<br/>        lp = LoginPage_VerifyDispOperatorPage(self.driver)<br/>&gt;       lp.setUserName().send_keys(getData1[&#x27;UserName&#x27;])<br/><br/>test_editCustomerAccount.py:68: <br/>_ _ _ _ _ _ _ _ _ _ _ _ _ _ _ _ _ _ _ _ _ _ _ _ _ _ _ _ _ _ _ _ _ _ _ _ _ _ _ _ <br/>..\PageObjects\LoginPageAndVerifyDispOperatorPage.py:24: in setUserName<br/>    self.driver.find_element(*self.txtUserName).clear()<br/>..\..\..\appdata\local\programs\python\python37-32\lib\site-packages\selenium\webdriver\remote\webdriver.py:978: in find_element<br/>    &#x27;value&#x27;: value})[&#x27;value&#x27;]<br/>..\..\..\appdata\local\programs\python\python37-32\lib\site-packages\selenium\webdriver\remote\webdriver.py:321: in execute<br/>    self.error_handler.check_response(response)<br/>_ _ _ _ _ _ _ _ _ _ _ _ _ _ _ _ _ _ _ _ _ _ _ _ _ _ _ _ _ _ _ _ _ _ _ _ _ _ _ _ <br/><br/>self = &lt;selenium.webdriver.remote.errorhandler.ErrorHandler object at 0x040EF530&gt;<br/>response = {&#x27;status&#x27;: 404, &#x27;value&#x27;: &#x27;{&quot;value&quot;:{&quot;error&quot;:&quot;no such element&quot;,&quot;message&quot;:&quot;no such element: Unable to locate element: {\...\n\\tRtlGetAppContainerNamedObjectPath [0x77BC7A9E+286]\\n\\tRtlGetAppContainerNamedObjectPath [0x77BC7A6E+238]\\n&quot;}}&#x27;}<br/><br/>    def check_response(self, response):<br/>        &quot;&quot;&quot;<br/>        Checks that a JSON response from the WebDriver does not have an error.<br/>    <br/>        :Args:<br/>         - response - The JSON response from the WebDriver server as a dictionary<br/>           object.<br/>    <br/>        :Raises: If the response contains an error message.<br/>        &quot;&quot;&quot;<br/>        status = response.get(&#x27;status&#x27;, None)<br/>        if status is None or status == ErrorCode.SUCCESS:<br/>            return<br/>        value = None<br/>        message = response.get(&quot;message&quot;, &quot;&quot;)<br/>        screen = response.get(&quot;screen&quot;, &quot;&quot;)<br/>        stacktrace = None<br/>        if isinstance(status, int):<br/>            value_json = response.get(&#x27;value&#x27;, None)<br/>            if value_json and isinstance(value_json, basestring):<br/>                import json<br/>                try:<br/>                    value = json.loads(value_json)<br/>                    if len(value.keys()) == 1:<br/>                        value = value[&#x27;value&#x27;]<br/>                    status = value.get(&#x27;error&#x27;, None)<br/>                    if status is None:<br/>                        status = value[&quot;status&quot;]<br/>                        message = value[&quot;value&quot;]<br/>                        if not isinstance(message, basestring):<br/>                            value = message<br/>                            message = message.get(&#x27;message&#x27;)<br/>                    else:<br/>                        message = value.get(&#x27;message&#x27;, None)<br/>                except ValueError:<br/>                    pass<br/>    <br/>        exception_class = ErrorInResponseException<br/>        if status in ErrorCode.NO_SUCH_ELEMENT:<br/>            exception_class = NoSuchElementException<br/>        elif status in ErrorCode.NO_SUCH_FRAME:<br/>            exception_class = NoSuchFrameException<br/>        elif status in ErrorCode.NO_SUCH_WINDOW:<br/>            exception_class = NoSuchWindowException<br/>        elif status in ErrorCode.STALE_ELEMENT_REFERENCE:<br/>            exception_class = StaleElementReferenceException<br/>        elif status in ErrorCode.ELEMENT_NOT_VISIBLE:<br/>            exception_class = ElementNotVisibleException<br/>        elif status in ErrorCode.INVALID_ELEMENT_STATE:<br/>            exception_class = InvalidElementStateException<br/>        elif status in ErrorCode.INVALID_SELECTOR \<br/>                or status in ErrorCode.INVALID_XPATH_SELECTOR \<br/>                or status in ErrorCode.INVALID_XPATH_SELECTOR_RETURN_TYPER:<br/>            exception_class = InvalidSelectorException<br/>        elif status in ErrorCode.ELEMENT_IS_NOT_SELECTABLE:<br/>            exception_class = ElementNotSelectableException<br/>        elif status in ErrorCode.ELEMENT_NOT_INTERACTABLE:<br/>            exception_class = ElementNotInteractableException<br/>        elif status in ErrorCode.INVALID_COOKIE_DOMAIN:<br/>            exception_class = InvalidCookieDomainException<br/>        elif status in ErrorCode.UNABLE_TO_SET_COOKIE:<br/>            exception_class = UnableToSetCookieException<br/>        elif status in ErrorCode.TIMEOUT:<br/>            exception_class = TimeoutException<br/>        elif status in ErrorCode.SCRIPT_TIMEOUT:<br/>            exception_class = TimeoutException<br/>        elif status in ErrorCode.UNKNOWN_ERROR:<br/>            exception_class = WebDriverException<br/>        elif status in ErrorCode.UNEXPECTED_ALERT_OPEN:<br/>            exception_class = UnexpectedAlertPresentException<br/>        elif status in ErrorCode.NO_ALERT_OPEN:<br/>            exception_class = NoAlertPresentException<br/>        elif status in ErrorCode.IME_NOT_AVAILABLE:<br/>            exception_class = ImeNotAvailableException<br/>        elif status in ErrorCode.IME_ENGINE_ACTIVATION_FAILED:<br/>            exception_class = ImeActivationFailedException<br/>        elif status in ErrorCode.MOVE_TARGET_OUT_OF_BOUNDS:<br/>            exception_class = MoveTargetOutOfBoundsException<br/>        elif status in ErrorCode.JAVASCRIPT_ERROR:<br/>            exception_class = JavascriptException<br/>        elif status in ErrorCode.SESSION_NOT_CREATED:<br/>            exception_class = SessionNotCreatedException<br/>        elif status in ErrorCode.INVALID_ARGUMENT:<br/>            exception_class = InvalidArgumentException<br/>        elif status in ErrorCode.NO_SUCH_COOKIE:<br/>            exception_class = NoSuchCookieException<br/>        elif status in ErrorCode.UNABLE_TO_CAPTURE_SCREEN:<br/>            exception_class = ScreenshotException<br/>        elif status in ErrorCode.ELEMENT_CLICK_INTERCEPTED:<br/>            exception_class = ElementClickInterceptedException<br/>        elif status in ErrorCode.INSECURE_CERTIFICATE:<br/>            exception_class = InsecureCertificateException<br/>        elif status in ErrorCode.INVALID_COORDINATES:<br/>            exception_class = InvalidCoordinatesException<br/>        elif status in ErrorCode.INVALID_SESSION_ID:<br/>            exception_class = InvalidSessionIdException<br/>        elif status in ErrorCode.UNKNOWN_METHOD:<br/>            exception_class = UnknownMethodException<br/>        else:<br/>            exception_class = WebDriverException<br/>        if value == &#x27;&#x27; or value is None:<br/>            value = response[&#x27;value&#x27;]<br/>        if isinstance(value, basestring):<br/>            if exception_class == ErrorInResponseException:<br/>                raise exception_class(response, value)<br/>            raise exception_class(value)<br/>        if message == &quot;&quot; and &#x27;message&#x27; in value:<br/>            message = value[&#x27;message&#x27;]<br/>    <br/>        screen = None<br/>        if &#x27;screen&#x27; in value:<br/>            screen = value[&#x27;screen&#x27;]<br/>    <br/>        stacktrace = None<br/>        if &#x27;stackTrace&#x27; in value and value[&#x27;stackTrace&#x27;]:<br/>            stacktrace = []<br/>            try:<br/>                for frame in value[&#x27;stackTrace&#x27;]:<br/>                    line = self._value_or_default(frame, &#x27;lineNumber&#x27;, &#x27;&#x27;)<br/>                    file = self._value_or_default(frame, &#x27;fileName&#x27;, &#x27;&lt;anonymous&gt;&#x27;)<br/>                    if line:<br/>                        file = &quot;%s:%s&quot; % (file, line)<br/>                    meth = self._value_or_default(frame, &#x27;methodName&#x27;, &#x27;&lt;anonymous&gt;&#x27;)<br/>                    if &#x27;className&#x27; in frame:<br/>                        meth = &quot;%s.%s&quot; % (frame[&#x27;className&#x27;], meth)<br/>                    msg = &quot;    at %s (%s)&quot;<br/>                    msg = msg % (meth, file)<br/>                    stacktrace.append(msg)<br/>            except TypeError:<br/>                pass<br/>        if exception_class == ErrorInResponseException:<br/>            raise exception_class(response, message)<br/>        elif exception_class == UnexpectedAlertPresentException:<br/>            alert_text = None<br/>            if &#x27;data&#x27; in value:<br/>                alert_text = value[&#x27;data&#x27;].get(&#x27;text&#x27;)<br/>            elif &#x27;alert&#x27; in value:<br/>                alert_text = value[&#x27;alert&#x27;].get(&#x27;text&#x27;)<br/>            raise exception_class(message, screen, stacktrace, alert_text)<br/>&gt;       raise exception_class(message, screen, stacktrace)<br/><span class="error">E       selenium.common.exceptions.NoSuchElementException: Message: no such element: Unable to locate element: {&quot;method&quot;:&quot;css selector&quot;,&quot;selector&quot;:&quot;[id=&quot;ContentPlaceHolder_userNameTextBox&quot;]&quot;}</span><br/><span class="error">E         (Session info: chrome=95.0.4638.69)</span><br/><br/>..\..\..\appdata\local\programs\python\python37-32\lib\site-packages\selenium\webdriver\remote\errorhandler.py:242: NoSuchElementException<br/> -------------------------------Captured log call-------------------------------- <br/>INFO     test_deleteCustomerAccount:test_editCustomerAccount.py:66 ****************** Test delete customer account started ****************<br/></div></td></tr></tbody>
      <tbody class="passed results-table-row">
        <tr>
          <td class="col-result">Passed</td>
          <td class="col-name">test_AddCustomerAccount.py::Test_005_AddCustomerAccount::test_verifyCustAccountPage[getData0]</td>
          <td class="col-duration">36.58</td>
          <td class="col-links"></td></tr>
        <tr>
          <td class="extra" colspan="4">
            <div class="log"> -------------------------------Captured log call-------------------------------- <br/>INFO     test_verifyCustAccountPage:test_AddCustomerAccount.py:13 ***************** Test_005_AddCustomerAccount ******************
INFO     test_verifyCustAccountPage:test_AddCustomerAccount.py:18 ********************** Login Successful ***********************
INFO     test_verifyCustAccountPage:test_AddCustomerAccount.py:21 ************ Test verify customer account started ************
INFO     test_verifyCustAccountPage:test_AddCustomerAccount.py:26 ******* Successfully accessed manage cust account page *******
INFO     test_verifyCustAccountPage:test_AddCustomerAccount.py:28 ******* test verify customer account page is passed ***********<br/></div></td></tr></tbody>
      <tbody class="passed results-table-row">
        <tr>
          <td class="col-result">Passed</td>
          <td class="col-name">test_AddCustomerAccount.py::Test_005_AddCustomerAccount::test_addNewCustomerAccount[getData0]</td>
          <td class="col-duration">28.88</td>
          <td class="col-links"></td></tr>
        <tr>
          <td class="extra" colspan="4">
            <div class="log"> -------------------------------Captured log call-------------------------------- <br/>INFO     test_addNewCustomerAccount:test_AddCustomerAccount.py:34 *********** Test Add new customer account started **************
INFO     test_addNewCustomerAccount:test_AddCustomerAccount.py:39 ********************** Login Successful ***********************
INFO     test_addNewCustomerAccount:test_AddCustomerAccount.py:44 ******* Successfully accessed manage cust account page *******
INFO     test_addNewCustomerAccount:test_AddCustomerAccount.py:46 ************** Entering customer account details ***********
INFO     test_addNewCustomerAccount:test_AddCustomerAccount.py:56 *********** Test Add new customer account passed **************<br/></div></td></tr></tbody>
      <tbody class="passed results-table-row">
        <tr>
          <td class="col-result">Passed</td>
          <td class="col-name">test_AddCustomerAccount.py::Test_005_AddCustomerAccount::test_searchCustomer[getData0-getData10]</td>
          <td class="col-duration">23.46</td>
          <td class="col-links"></td></tr>
        <tr>
          <td class="extra" colspan="4">
            <div class="log"> -------------------------------Captured log call-------------------------------- <br/>INFO     test_searchCustomer:test_AddCustomerAccount.py:62 *********** Test search customer account started **************
INFO     test_searchCustomer:test_AddCustomerAccount.py:67 ********************** Login Successful ***********************
INFO     test_searchCustomer:test_AddCustomerAccount.py:72 ******* Successfully accessed manage cust account page *******
INFO     test_searchCustomer:test_AddCustomerAccount.py:78 *********** Test search customer account passed **************<br/></div></td></tr></tbody>
      <tbody class="passed results-table-row">
        <tr>
          <td class="col-result">Passed</td>
          <td class="col-name">test_AddNewDispGroup.py::Test_002_AddNewDispGroup::test_addNewGroupRelabel[getData0]</td>
          <td class="col-duration">44.53</td>
          <td class="col-links"></td></tr>
        <tr>
          <td class="extra" colspan="4">
            <div class="log"> -------------------------------Captured log call-------------------------------- <br/>INFO     test_addNewGroupRelabel:test_AddNewDispGroup.py:12 ******************* Test_002_AddNewDispGroup *********************
INFO     test_addNewGroupRelabel:test_AddNewDispGroup.py:17 *********************** Login Successful *********************
INFO     test_addNewGroupRelabel:test_AddNewDispGroup.py:21 ****************** Successfully accessed Manage operator module ********************
INFO     test_addNewGroupRelabel:test_AddNewDispGroup.py:23 ******************** Adding New Relabel Group *********************
INFO     test_addNewGroupRelabel:test_AddNewDispGroup.py:30 ***************** Operator Name verified successfully ******************
INFO     test_addNewGroupRelabel:test_AddNewDispGroup.py:34 **************** add New Group Relabel is passed **********************<br/></div></td></tr></tbody>
      <tbody class="passed results-table-row">
        <tr>
          <td class="col-result">Passed</td>
          <td class="col-name">test_AddNewDispGroup.py::Test_002_AddNewDispGroup::test_addNewGroupAllOperators[getData0]</td>
          <td class="col-duration">32.88</td>
          <td class="col-links"></td></tr>
        <tr>
          <td class="extra" colspan="4">
            <div class="log"> -------------------------------Captured log call-------------------------------- <br/>INFO     test_addNewGroupAllOperators:test_AddNewDispGroup.py:40 ******************* Test_002_AddNewDispGroup *********************
INFO     test_addNewGroupAllOperators:test_AddNewDispGroup.py:45 *********************** Login Successful *********************
INFO     test_addNewGroupAllOperators:test_AddNewDispGroup.py:49 ****************** Successfully accessed Manage operator module ********************
INFO     test_addNewGroupAllOperators:test_AddNewDispGroup.py:51 ******************** Adding New Relabel Group *********************
INFO     test_addNewGroupAllOperators:test_AddNewDispGroup.py:56 ****************** selected all the checkboxes *********************
INFO     test_addNewGroupAllOperators:test_AddNewDispGroup.py:58 **************** add New Group Relabel is passed **********************
INFO     test_addNewGroupAllOperators:test_AddNewDispGroup.py:58 None<br/></div></td></tr></tbody>
      <tbody class="passed results-table-row">
        <tr>
          <td class="col-result">Passed</td>
          <td class="col-name">test_AddNewDispGroup.py::Test_002_AddNewDispGroup::test_addNewGroupDO[getData0]</td>
          <td class="col-duration">30.42</td>
          <td class="col-links"></td></tr>
        <tr>
          <td class="extra" colspan="4">
            <div class="log"> -------------------------------Captured log call-------------------------------- <br/>INFO     test_addNewGroupDO:test_AddNewDispGroup.py:64 ******************* Test_002_AddNewDispGroup *********************
INFO     test_addNewGroupDO:test_AddNewDispGroup.py:69 *********************** Login Successful *********************
INFO     test_addNewGroupDO:test_AddNewDispGroup.py:73 ****************** Successfully accessed Manage operator module ********************
INFO     test_addNewGroupDO:test_AddNewDispGroup.py:75 ******************** Adding New Relabel Group *********************
INFO     test_addNewGroupDO:test_AddNewDispGroup.py:82 **************** add New Group Relabel is passed **********************<br/></div></td></tr></tbody>
      <tbody class="passed results-table-row">
        <tr>
          <td class="col-result">Passed</td>
          <td class="col-name">test_SearchCriteria.py::Test_003_DefineSearchCriteria::test_searchByGroupName[getData0]</td>
          <td class="col-duration">38.66</td>
          <td class="col-links"></td></tr>
        <tr>
          <td class="extra" colspan="4">
            <div class="log"> -------------------------------Captured log call-------------------------------- <br/>INFO     test_searchByGroupName:test_SearchCriteria.py:12 *************** Test_003_DefineSearchCriteria ******************
INFO     test_searchByGroupName:test_SearchCriteria.py:17 *********************** Login Successful *********************
INFO     test_searchByGroupName:test_SearchCriteria.py:21 ****************** Successfully accessed Manage operator module ********************
INFO     test_searchByGroupName:test_SearchCriteria.py:23 ****************** test search by group name started ********************
INFO     test_searchByGroupName:test_SearchCriteria.py:28 ****************** test search by group name passed ********************<br/></div></td></tr></tbody>
      <tbody class="passed results-table-row">
        <tr>
          <td class="col-result">Passed</td>
          <td class="col-name">test_SearchCriteria.py::Test_003_DefineSearchCriteria::test_searchByOperationType[getData0]</td>
          <td class="col-duration">27.63</td>
          <td class="col-links"></td></tr>
        <tr>
          <td class="extra" colspan="4">
            <div class="log"> -------------------------------Captured log call-------------------------------- <br/>INFO     test_searchByOperationType:test_SearchCriteria.py:34 *************** Test_003_DefineSearchCriteria ******************
INFO     test_searchByOperationType:test_SearchCriteria.py:39 *********************** Login Successful *********************
INFO     test_searchByOperationType:test_SearchCriteria.py:44 ****************** Successfully accessed Manage operator module ********************
INFO     test_searchByOperationType:test_SearchCriteria.py:47 ****************** test search by operation type started ********************
INFO     test_searchByOperationType:test_SearchCriteria.py:54 ********************* test search by operation type is passed ********************<br/></div></td></tr></tbody>
      <tbody class="passed results-table-row">
        <tr>
          <td class="col-result">Passed</td>
          <td class="col-name">test_SearchCriteria.py::Test_003_DefineSearchCriteria::test_searchByOperatorName[getData0]</td>
          <td class="col-duration">28.60</td>
          <td class="col-links"></td></tr>
        <tr>
          <td class="extra" colspan="4">
            <div class="log"> -------------------------------Captured log call-------------------------------- <br/>INFO     test_searchByOperatorName:test_SearchCriteria.py:60 *************** Test_003_DefineSearchCriteria ******************
INFO     test_searchByOperatorName:test_SearchCriteria.py:65 *********************** Login Successful *********************
INFO     test_searchByOperatorName:test_SearchCriteria.py:70 ****************** Successfully accessed Manage operator module ********************
INFO     test_searchByOperatorName:test_SearchCriteria.py:73 ****************** test search by operator Name started ********************
INFO     test_searchByOperatorName:test_SearchCriteria.py:79 ****************** test search by operator Name passed ********************<br/></div></td></tr></tbody>
      <tbody class="passed results-table-row">
        <tr>
          <td class="col-result">Passed</td>
          <td class="col-name">test_editCustomerAccount.py::Test_006_EditDeleteCustomerAccount::test_addExistingCustomerAccount[getData0]</td>
          <td class="col-duration">39.93</td>
          <td class="col-links"></td></tr>
        <tr>
          <td class="extra" colspan="4">
            <div class="log"> -------------------------------Captured log call-------------------------------- <br/>INFO     test_addExistingCustomerAccount:test_editCustomerAccount.py:13 ***************** Test_006_EditDeleteCustomerAccount ******************
INFO     test_addExistingCustomerAccount:test_editCustomerAccount.py:18 ********************** Login Successful ***********************
INFO     test_addExistingCustomerAccount:test_editCustomerAccount.py:21 ************ Test Add Existing customer account started ************
INFO     test_addExistingCustomerAccount:test_editCustomerAccount.py:24 ******* Successfully accessed manage cust account page *******
INFO     test_addExistingCustomerAccount:test_editCustomerAccount.py:25 ************** Entering existing customer account details ***********
INFO     test_addExistingCustomerAccount:test_editCustomerAccount.py:36 ************ Test Add Existing customer account passed ************<br/></div></td></tr></tbody>
      <tbody class="passed results-table-row">
        <tr>
          <td class="col-result">Passed</td>
          <td class="col-name">test_editCustomerAccount.py::Test_006_EditDeleteCustomerAccount::test_editCustomerAccount[getData10]</td>
          <td class="col-duration">23.99</td>
          <td class="col-links"></td></tr>
        <tr>
          <td class="extra" colspan="4">
            <div class="log"> -------------------------------Captured log call-------------------------------- <br/>INFO     test_editCustomerAccount:test_editCustomerAccount.py:42 ****************** Test edit customer account started ****************
INFO     test_editCustomerAccount:test_editCustomerAccount.py:47 ********************** Login Successful ***********************
INFO     test_editCustomerAccount:test_editCustomerAccount.py:52 ******* Successfully accessed manage cust account page *******
INFO     test_editCustomerAccount:test_editCustomerAccount.py:54 ************** Modifying existing customer account details ***********
INFO     test_editCustomerAccount:test_editCustomerAccount.py:62 ****************** Test edit customer account passed ****************<br/></div></td></tr></tbody>
      <tbody class="passed results-table-row">
        <tr>
          <td class="col-result">Passed</td>
          <td class="col-name">test_editDispOperatorGroup.py::Test_004_editDispatchOperatorsGroup::test_editDispOperatorGroup[getData0]</td>
          <td class="col-duration">40.49</td>
          <td class="col-links"></td></tr>
        <tr>
          <td class="extra" colspan="4">
            <div class="log"> -------------------------------Captured log call-------------------------------- <br/>INFO     test_editDispOperatorGroup:test_editDispOperatorGroup.py:16 *************** Test_004_editDispatchOperatorsGroup ******************
INFO     test_editDispOperatorGroup:test_editDispOperatorGroup.py:21 *********************** Login Successful *********************
INFO     test_editDispOperatorGroup:test_editDispOperatorGroup.py:25 ****************** Successfully accessed Manage operator module ********************
INFO     test_editDispOperatorGroup:test_editDispOperatorGroup.py:27 ****************** test editDispOperatorGroup started ********************
INFO     test_editDispOperatorGroup:test_editDispOperatorGroup.py:39 ****************** test editDispOperatorGroup passed ********************<br/></div></td></tr></tbody>
      <tbody class="passed results-table-row">
        <tr>
          <td class="col-result">Passed</td>
          <td class="col-name">test_editDispOperatorGroup.py::Test_004_editDispatchOperatorsGroup::test_deleteOperatorGroup[getData0]</td>
          <td class="col-duration">43.91</td>
          <td class="col-links"></td></tr>
        <tr>
          <td class="extra" colspan="4">
            <div class="log"> -------------------------------Captured log call-------------------------------- <br/>INFO     test_deleteOperatorGroup:test_editDispOperatorGroup.py:49 *********************** Login Successful *********************
INFO     test_deleteOperatorGroup:test_editDispOperatorGroup.py:53 ****************** Successfully accessed Manage operator module ********************
INFO     test_deleteOperatorGroup:test_editDispOperatorGroup.py:55 ****************** test deleteDispOperatorGroup started ********************
INFO     test_deleteOperatorGroup:test_editDispOperatorGroup.py:70 ****************** test deleteDispOperatorGroup passed ********************<br/></div></td></tr></tbody>
      <tbody class="passed results-table-row">
        <tr>
          <td class="col-result">Passed</td>
          <td class="col-name">test_login.py::Test_001_LoginPage_verifyDispOperatorPage::test_login[getData0]</td>
          <td class="col-duration">18.80</td>
          <td class="col-links"></td></tr>
        <tr>
          <td class="extra" colspan="4">
            <div class="log"> -------------------------------Captured log call-------------------------------- <br/>INFO     test_login:test_login.py:12 ********************** Test_001_LoginPage_verifyDispOperatorPage **********************
INFO     test_login:test_login.py:13 ***************** Test login started *********************<br/></div></td></tr></tbody>
      <tbody class="passed results-table-row">
        <tr>
          <td class="col-result">Passed</td>
          <td class="col-name">test_login.py::Test_001_LoginPage_verifyDispOperatorPage::test_login[getData1]</td>
          <td class="col-duration">5.96</td>
          <td class="col-links"></td></tr>
        <tr>
          <td class="extra" colspan="4">
            <div class="log"> -------------------------------Captured log call-------------------------------- <br/>INFO     test_login:test_login.py:12 ********************** Test_001_LoginPage_verifyDispOperatorPage **********************
INFO     test_login:test_login.py:13 ***************** Test login started *********************
INFO     test_login:test_login.py:22 ******************* Logout is not required for invalid cred ******************
INFO     test_login:test_login.py:26 ******************* Not required to click on Login Again link for invalid cred ******************
INFO     test_login:test_login.py:37 **************** login Failed due to wrong credentials ********************<br/></div></td></tr></tbody>
      <tbody class="passed results-table-row">
        <tr>
          <td class="col-result">Passed</td>
          <td class="col-name">test_login.py::Test_001_LoginPage_verifyDispOperatorPage::test_login[getData2]</td>
          <td class="col-duration">5.86</td>
          <td class="col-links"></td></tr>
        <tr>
          <td class="extra" colspan="4">
            <div class="log"> -------------------------------Captured log call-------------------------------- <br/>INFO     test_login:test_login.py:12 ********************** Test_001_LoginPage_verifyDispOperatorPage **********************
INFO     test_login:test_login.py:13 ***************** Test login started *********************
INFO     test_login:test_login.py:22 ******************* Logout is not required for invalid cred ******************
INFO     test_login:test_login.py:26 ******************* Not required to click on Login Again link for invalid cred ******************
INFO     test_login:test_login.py:37 **************** login Failed due to wrong credentials ********************<br/></div></td></tr></tbody>
      <tbody class="passed results-table-row">
        <tr>
          <td class="col-result">Passed</td>
          <td class="col-name">test_login.py::Test_001_LoginPage_verifyDispOperatorPage::test_login[getData3]</td>
          <td class="col-duration">5.87</td>
          <td class="col-links"></td></tr>
        <tr>
          <td class="extra" colspan="4">
            <div class="log"> -------------------------------Captured log call-------------------------------- <br/>INFO     test_login:test_login.py:12 ********************** Test_001_LoginPage_verifyDispOperatorPage **********************
INFO     test_login:test_login.py:13 ***************** Test login started *********************
INFO     test_login:test_login.py:22 ******************* Logout is not required for invalid cred ******************
INFO     test_login:test_login.py:26 ******************* Not required to click on Login Again link for invalid cred ******************
INFO     test_login:test_login.py:37 **************** login Failed due to wrong credentials ********************<br/></div></td></tr></tbody>
      <tbody class="passed results-table-row">
        <tr>
          <td class="col-result">Passed</td>
          <td class="col-name">test_login.py::Test_001_LoginPage_verifyDispOperatorPage::test_verifyManageOperator</td>
          <td class="col-duration">20.70</td>
          <td class="col-links"></td></tr>
        <tr>
          <td class="extra" colspan="4">
            <div class="log"> -------------------------------Captured log call-------------------------------- <br/>INFO     test_verifyManageOperator:test_login.py:41 ********* Test verify manage operator module started **********
INFO     test_verifyManageOperator:test_login.py:46 *************** Login Successful ******************
INFO     test_verifyManageOperator:test_login.py:61 **************** Test verify manage operator is passed *******************<br/></div></td></tr></tbody></table></body></html>